<?xml version="1.0" encoding="UTF-8"?>
<!-- Generated by org.testng.reporters.JUnitXMLReporter -->
<testsuite ignored="0" hostname="DESKTOP-6T0AJC6" failures="4" tests="5" name="Surefire test" time="2.782" errors="0" timestamp="2023-07-17T10:49:26 ART">
  <testcase classname="tests.CompraTest" name="agregarACarrito_03" time="0.0">
    <failure type="org.testng.TestNGException" message="
Parameter &amp;apos;username&amp;apos; is required by @Test on method agregarACarrito_03 but has not been marked @Optional or defined
">
      <![CDATA[org.testng.TestNGException: 
Parameter 'username' is required by @Test on method agregarACarrito_03 but has not been marked @Optional or defined

at java.base/java.util.ArrayList.forEach(ArrayList.java:1511)
... Removed 31 stack frames]]>
    </failure>
  </testcase> <!-- agregarACarrito_03 -->
  <testcase classname="tests.CompraTest" name="sumarTotalDeCompra_04" time="0.0">
    <failure type="org.testng.TestNGException" message="
Parameter &amp;apos;username&amp;apos; is required by @Test on method sumarTotalDeCompra_04 but has not been marked @Optional or defined
">
      <![CDATA[org.testng.TestNGException: 
Parameter 'username' is required by @Test on method sumarTotalDeCompra_04 but has not been marked @Optional or defined

at java.base/java.util.ArrayList.forEach(ArrayList.java:1511)
... Removed 31 stack frames]]>
    </failure>
  </testcase> <!-- sumarTotalDeCompra_04 -->
  <testcase classname="tests.LoginTest" name="loginFallido_02" time="0.0">
    <failure type="org.testng.TestNGException" message="
Parameter &amp;apos;username&amp;apos; is required by @Test on method loginFallido_02 but has not been marked @Optional or defined
">
      <![CDATA[org.testng.TestNGException: 
Parameter 'username' is required by @Test on method loginFallido_02 but has not been marked @Optional or defined

at java.base/java.util.ArrayList.forEach(ArrayList.java:1511)
... Removed 31 stack frames]]>
    </failure>
  </testcase> <!-- loginFallido_02 -->
  <testcase classname="tests.LoginTest" name="loginValido_01" time="0.0">
    <failure type="org.testng.TestNGException" message="
Parameter &amp;apos;username&amp;apos; is required by @Test on method loginValido_01 but has not been marked @Optional or defined
">
      <![CDATA[org.testng.TestNGException: 
Parameter 'username' is required by @Test on method loginValido_01 but has not been marked @Optional or defined

at java.base/java.util.ArrayList.forEach(ArrayList.java:1511)
... Removed 31 stack frames]]>
    </failure>
  </testcase> <!-- loginValido_01 -->
  <testcase classname="tests.ServiceWebTest" name="verificarDepartamentosMercadoLibre_05" time="0.493"/>
</testsuite> <!-- Surefire test -->
